src/hooks.ts(2,10): error TS2305: Module '"@repo/i18n"' has no exported member 'deLocalizeUrl'.
src/lib/auth/hooks.ts(33,5): error TS2322: Type 'null' is not assignable to type 'SupabaseClient<Database, "public", "public", { Tables: { admin_actions: { Row: { action: string; admin_id: string; created_at: string | null; details: Json; id: string; ip_address: unknown; target_id: string | null; target_type: string; user_agent: string | null; }; Insert: { ...; }; Update: { ...; }; Relationships:...'.
src/lib/auth/oauth.ts(13,30): error TS2307: Cannot find module '$env/static/public' or its corresponding type declarations.
src/lib/auth/store.svelte.ts(91,66): error TS18047: 'supabase' is possibly 'null'.
src/lib/auth/store.svelte.ts(144,31): error TS6133: 'session' is declared but its value is never read.
src/lib/env/validation.ts(2,41): error TS2307: Cannot find module '$env/dynamic/public' or its corresponding type declarations.
src/lib/server/api.ts(10,29): error TS2307: Cannot find module '../security/rate-limiter' or its corresponding type declarations.
src/lib/server/auth.ts(2,21): error TS2307: Cannot find module '$env/dynamic/public' or its corresponding type declarations.
src/lib/server/env/server.ts(3,10): error TS2303: Circular definition of import alias 'default'.
src/lib/server/env/validation.ts(3,10): error TS2303: Circular definition of import alias 'default'.
src/lib/server/rate-limiter.ts(3,21): error TS2307: Cannot find module '$env/dynamic/private' or its corresponding type declarations.
src/lib/server/supabase-hooks.ts(1,34): error TS2307: Cannot find module '$env/dynamic/public' or its corresponding type declarations.
src/lib/server/supabase.server.ts(2,21): error TS2307: Cannot find module '$env/dynamic/public' or its corresponding type declarations.
src/lib/server/supabase.server.ts(3,35): error TS2307: Cannot find module '$env/dynamic/private' or its corresponding type declarations.
src/lib/server/supabase/client.ts(2,63): error TS2307: Cannot find module '$env/static/public' or its corresponding type declarations.
src/lib/server/supabase/server.ts(2,21): error TS2307: Cannot find module '$env/dynamic/public' or its corresponding type declarations.
src/lib/server/supabase/storage.ts(1,37): error TS2307: Cannot find module '$env/static/public' or its corresponding type declarations.
src/lib/stripe/client.ts(2,21): error TS2307: Cannot find module '$env/dynamic/public' or its corresponding type declarations.
src/lib/supabase/client.ts(2,63): error TS2307: Cannot find module '$env/static/public' or its corresponding type declarations.
src/lib/supabase/server.ts(2,21): error TS2307: Cannot find module '$env/dynamic/public' or its corresponding type declarations.
src/lib/supabase/storage.ts(1,37): error TS2307: Cannot find module '$env/static/public' or its corresponding type declarations.
src/lib/utils/monitoring.ts(406,32): error TS2339: Property 'getLCP' does not exist on type 'typeof import("K:/driplo-turbo-1/node_modules/.pnpm/web-vitals@5.1.0/node_modules/web-vitals/dist/modules/index")'.
src/lib/utils/monitoring.ts(406,40): error TS2339: Property 'getFID' does not exist on type 'typeof import("K:/driplo-turbo-1/node_modules/.pnpm/web-vitals@5.1.0/node_modules/web-vitals/dist/modules/index")'.
src/lib/utils/monitoring.ts(406,48): error TS2339: Property 'getCLS' does not exist on type 'typeof import("K:/driplo-turbo-1/node_modules/.pnpm/web-vitals@5.1.0/node_modules/web-vitals/dist/modules/index")'.
src/lib/utils/monitoring.ts(406,56): error TS2339: Property 'getFCP' does not exist on type 'typeof import("K:/driplo-turbo-1/node_modules/.pnpm/web-vitals@5.1.0/node_modules/web-vitals/dist/modules/index")'.
src/lib/utils/monitoring.ts(406,64): error TS2339: Property 'getTTFB' does not exist on type 'typeof import("K:/driplo-turbo-1/node_modules/.pnpm/web-vitals@5.1.0/node_modules/web-vitals/dist/modules/index")'.
src/lib/utils/monitoring.ts(408,13): error TS7006: Parameter 'metric' implicitly has an 'any' type.
src/lib/utils/monitoring.ts(416,13): error TS7006: Parameter 'metric' implicitly has an 'any' type.
src/lib/utils/monitoring.ts(424,13): error TS7006: Parameter 'metric' implicitly has an 'any' type.
src/lib/utils/monitoring.ts(432,13): error TS7006: Parameter 'metric' implicitly has an 'any' type.
src/lib/utils/monitoring.ts(440,14): error TS7006: Parameter 'metric' implicitly has an 'any' type.
src/lib/utils/realtimeSetup.ts(9,1): error TS6133: 'favoritesActions' is declared but its value is never read.
src/lib/utils/realtimeSetup.ts(10,1): error TS6133: 'followActions' is declared but its value is never read.
src/routes/(app)/(account)/profile/[id]/+page.server.ts(131,27): error TS2339: Property 'review_count' does not exist on type 'Profile'.
src/routes/(app)/(account)/profile/[id]/+page.server.ts(155,64): error TS2339: Property 'isFollowing' does not exist on type 'ProfileService'.
src/routes/(app)/(account)/profile/[id]/+page.server.ts(167,30): error TS2339: Property 'sales_count' does not exist on type 'Profile'.
src/routes/(app)/(shop)/category/[...segments]/+page.server.ts(123,69): error TS2339: Property 'execute' does not exist on type '(categoryId: string, options?: Partial<ProductSearchOptions> | undefined) => Promise<ProductSearchResult>'.
src/routes/(app)/(shop)/collection/[slug]/+page.server.ts(4,15): error TS2305: Module '"@repo/core"' has no exported member 'CollectionWithProducts'.
src/routes/(app)/(shop)/collection/[slug]/+page.server.ts(30,82): error TS2339: Property 'getBrandCollectionWithProducts' does not exist on type 'CollectionService'.
src/routes/(app)/(shop)/collection/[slug]/+page.server.ts(45,52): error TS7006: Parameter 'p' implicitly has an 'any' type.
src/routes/(app)/(shop)/collection/[slug]/+page.server.ts(65,66): error TS2551: Property 'getBrandCollections' does not exist on type 'CollectionService'. Did you mean 'getCollections'?
src/routes/(app)/(shop)/collection/[slug]/+page.server.ts(72,67): error TS7006: Parameter 'c' implicitly has an 'any' type.
src/routes/(app)/(shop)/designer/+page.server.ts(19,84): error TS2551: Property 'getBrandCollections' does not exist on type 'CollectionService'. Did you mean 'getCollections'?
src/routes/(app)/(shop)/drip/+page.server.ts(19,84): error TS2551: Property 'getBrandCollections' does not exist on type 'CollectionService'. Did you mean 'getCollections'?
src/routes/(app)/(shop)/product/[seller]/[slug]/+page.server.ts(142,23): error TS2339: Property 'seller_username' does not exist on type '{ archived_at: string | null; auto_archive_after_days: number | null; boost_history_id: string | null; boost_priority: number | null; boost_type: string | null; boosted_until: string | null; ... 46 more ...; categories: { ...; }; }'.
src/routes/(app)/(shop)/product/[seller]/[slug]/+page.server.ts(156,9): error TS2345: Argument of type 'PostgrestBuilder<{ PostgrestVersion: "13.0.4"; }, { id: string; name: string; slug: string; parent_id: string | null; }, false>' is not assignable to parameter of type 'Promise<{ data: null; error: { name: string; message: string; details: string; hint: string; code: string; }; count: null; status: number; statusText: string; }>'.
  Type 'PostgrestBuilder<{ PostgrestVersion: "13.0.4"; }, { id: string; name: string; slug: string; parent_id: string | null; }, false>' is missing the following properties from type 'Promise<{ data: null; error: { name: string; message: string; details: string; hint: string; code: string; }; count: null; status: number; statusText: string; }>': catch, finally, [Symbol.toStringTag]
src/routes/(app)/(shop)/product/[seller]/[slug]/+page.server.ts(166,19): error TS2339: Property 'parent_id' does not exist on type 'never'.
src/routes/(app)/(shop)/product/[seller]/[slug]/+page.server.ts(168,11): error TS2345: Argument of type 'PostgrestBuilder<{ PostgrestVersion: "13.0.4"; }, { id: string; name: string; slug: string; }, false>' is not assignable to parameter of type 'Promise<{ data: null; error: { name: string; message: string; details: string; hint: string; code: string; }; count: null; status: number; statusText: string; }>'.
  Type 'PostgrestBuilder<{ PostgrestVersion: "13.0.4"; }, { id: string; name: string; slug: string; }, false>' is missing the following properties from type 'Promise<{ data: null; error: { name: string; message: string; details: string; hint: string; code: string; }; count: null; status: number; statusText: string; }>': catch, finally, [Symbol.toStringTag]
src/routes/(app)/(shop)/product/[seller]/[slug]/+page.server.ts(171,30): error TS2339: Property 'parent_id' does not exist on type 'never'.
src/routes/(app)/(shop)/product/[seller]/[slug]/+page.server.ts(189,21): error TS2339: Property 'images' does not exist on type '{ archived_at: string | null; auto_archive_after_days: number | null; boost_history_id: string | null; boost_priority: number | null; boost_type: string | null; boosted_until: string | null; ... 46 more ...; categories: { ...; }; }'.
src/routes/(app)/(shop)/product/[seller]/[slug]/+page.server.ts(190,15): error TS7006: Parameter 'a' implicitly has an 'any' type.
src/routes/(app)/(shop)/product/[seller]/[slug]/+page.server.ts(190,18): error TS7006: Parameter 'b' implicitly has an 'any' type.
src/routes/(app)/(shop)/product/[seller]/[slug]/+page.server.ts(191,12): error TS7006: Parameter 'img' implicitly has an 'any' type.
src/routes/(app)/(shop)/product/[seller]/[slug]/+page.server.ts(193,26): error TS2339: Property 'seller_name' does not exist on type '{ archived_at: string | null; auto_archive_after_days: number | null; boost_history_id: string | null; boost_priority: number | null; boost_type: string | null; boosted_until: string | null; ... 46 more ...; categories: { ...; }; }'.
src/routes/(app)/(shop)/product/[seller]/[slug]/+page.server.ts(193,49): error TS2339: Property 'seller_username' does not exist on type '{ archived_at: string | null; auto_archive_after_days: number | null; boost_history_id: string | null; boost_priority: number | null; boost_type: string | null; boosted_until: string | null; ... 46 more ...; categories: { ...; }; }'.
src/routes/(app)/(shop)/product/[seller]/[slug]/+page.server.ts(194,30): error TS2339: Property 'seller_username' does not exist on type '{ archived_at: string | null; auto_archive_after_days: number | null; boost_history_id: string | null; boost_priority: number | null; boost_type: string | null; boosted_until: string | null; ... 46 more ...; categories: { ...; }; }'.
src/routes/(app)/(shop)/product/[seller]/[slug]/+page.server.ts(196,28): error TS2339: Property 'seller_rating' does not exist on type '{ archived_at: string | null; auto_archive_after_days: number | null; boost_history_id: string | null; boost_priority: number | null; boost_type: string | null; boosted_until: string | null; ... 46 more ...; categories: { ...; }; }'.
src/routes/(app)/(shop)/product/[seller]/[slug]/+page.server.ts(198,28): error TS2339: Property 'category_name' does not exist on type '{ archived_at: string | null; auto_archive_after_days: number | null; boost_history_id: string | null; boost_priority: number | null; boost_type: string | null; boosted_until: string | null; ... 46 more ...; categories: { ...; }; }'.
src/routes/(app)/(shop)/product/[seller]/[slug]/+page.server.ts(209,7): error TS2345: Argument of type 'PostgrestBuilder<{ PostgrestVersion: "13.0.4"; }, { id: string; } | null, false>' is not assignable to parameter of type 'Promise<{ data: null; error: null; count: null; status: number; statusText: string; }>'.
  Type 'PostgrestBuilder<{ PostgrestVersion: "13.0.4"; }, { id: string; } | null, false>' is missing the following properties from type 'Promise<{ data: null; error: null; count: null; status: number; statusText: string; }>': catch, finally, [Symbol.toStringTag]
src/routes/(app)/(shop)/product/[seller]/[slug]/+page.server.ts(222,11): error TS2552: Cannot find name 'productAdapter'. Did you mean 'productData'?
src/routes/(app)/(shop)/product/[seller]/[slug]/+page.server.ts(229,19): error TS7006: Parameter 'result' implicitly has an 'any' type.
src/routes/(app)/(shop)/product/[seller]/[slug]/+page.server.ts(229,53): error TS2552: Cannot find name 'ProductWithImages'. Did you mean 'ProductImage'?
src/routes/(app)/(shop)/product/[seller]/[slug]/+page.server.ts(237,7): error TS2552: Cannot find name 'productAdapter'. Did you mean 'productData'?
src/routes/(app)/(shop)/product/[seller]/[slug]/+page.server.ts(240,15): error TS7006: Parameter 'result' implicitly has an 'any' type.
src/routes/(app)/(shop)/product/[seller]/[slug]/+page.server.ts(240,49): error TS2552: Cannot find name 'ProductWithImages'. Did you mean 'ProductImage'?
src/routes/(app)/(shop)/product/[seller]/[slug]/+page.server.ts(247,7): error TS2345: Argument of type 'PostgrestFilterBuilder<{ PostgrestVersion: "13.0.4"; }, { Tables: { admin_actions: { Row: { action: string; admin_id: string; created_at: string | null; details: Json; id: string; ip_address: unknown; target_id: string | null; target_type: string; user_agent: string | null; }; Insert: { ...; }; Update: { ...; }; Rel...' is not assignable to parameter of type 'Promise<{ data: never[]; error: null; count: null; status: number; statusText: string; }>'.
  Type 'PostgrestFilterBuilder<{ PostgrestVersion: "13.0.4"; }, { Tables: { admin_actions: { Row: { action: string; admin_id: string; created_at: string | null; details: Json; id: string; ip_address: unknown; target_id: string | null; target_type: string; user_agent: string | null; }; Insert: { ...; }; Update: { ...; }; Rel...' is missing the following properties from type 'Promise<{ data: never[]; error: null; count: null; status: number; statusText: string; }>': catch, finally, [Symbol.toStringTag]
src/routes/(app)/(shop)/product/[seller]/[slug]/+page.server.ts(283,65): error TS2339: Property 'rating' does not exist on type 'never'.
src/routes/(app)/(shop)/product/[seller]/[slug]/+page.server.ts(287,46): error TS2339: Property 'rating' does not exist on type 'never'.
src/routes/(auth)/signup/+page.server.ts(8,21): error TS2307: Cannot find module '$env/dynamic/public' or its corresponding type declarations.
src/routes/(protected)/dashboard/upgrade/success/+page.server.ts(29,65): error TS2345: Argument of type '{ userId: string; subscriptionId: string; }' is not assignable to parameter of type 'string'.
src/routes/(protected)/messages/+page.server.ts(3,38): error TS2305: Module '"@repo/domain/conversations"' has no exported member 'UserInfo'.
src/routes/(protected)/product/[id]/edit/+page.server.ts(22,15): error TS2339: Property 'seller_id' does not exist on type '{}'.
src/routes/(protected)/product/[id]/edit/+page.server.ts(27,47): error TS2339: Property 'categories' does not exist on type '{ stripe: StripeService | null; subscriptions: SubscriptionService; profiles: ProfileService; collections: CollectionService; transactions: TransactionService; products: ProductDomainAdapter; }'.
src/routes/(protected)/product/[id]/edit/+page.server.ts(60,47): error TS2339: Property 'updateProduct' does not exist on type 'ProductDomainAdapter'.
src/routes/(protected)/product/[id]/edit/+page.server.ts(81,47): error TS2551: Property 'deleteProduct' does not exist on type 'ProductDomainAdapter'. Did you mean 'getProduct'?
src/routes/(protected)/sell/+page.server.ts(34,52): error TS2339: Property 'categories' does not exist on type '{ stripe: StripeService | null; subscriptions: SubscriptionService; profiles: ProfileService; collections: CollectionService; transactions: TransactionService; products: ProductDomainAdapter; }'.
src/routes/+layout.server.ts(75,64): error TS2304: Cannot find name 'Database'.
src/routes/+layout.ts(2,63): error TS2307: Cannot find module '$env/static/public' or its corresponding type declarations.
src/routes/+layout.ts(49,9): error TS18046: 'userResult' is of type 'unknown'.
src/routes/+layout.ts(49,41): error TS18046: 'userResult' is of type 'unknown'.
src/routes/+layout.ts(49,86): error TS18046: 'userResult' is of type 'unknown'.
src/routes/+layout.ts(50,14): error TS18046: 'userResult' is of type 'unknown'.
src/routes/+layout.ts(59,27): error TS18046: 'sessionResult' is of type 'unknown'.
src/routes/+page.server.ts(88,25): error TS18047: 'a.sort_order' is possibly 'null'.
src/routes/+page.server.ts(88,40): error TS18047: 'b.sort_order' is possibly 'null'.
src/routes/api/checkout/+server.ts(134,9): error TS2322: Type 'string | undefined' is not assignable to type 'string'.
  Type 'undefined' is not assignable to type 'string'.
src/routes/api/checkout/+server.ts(210,9): error TS2322: Type 'string | undefined' is not assignable to type 'string'.
  Type 'undefined' is not assignable to type 'string'.
src/routes/api/checkout/confirm/+server.ts(43,88): error TS2551: Property 'confirmPaymentIntent' does not exist on type 'StripeService'. Did you mean 'confirmPayment'?
src/routes/api/payments/confirm/+server.ts(8,49): error TS2307: Cannot find module '$lib/stripe/types' or its corresponding type declarations.
src/routes/api/payments/confirm/+server.ts(38,62): error TS2554: Expected 1 arguments, but got 2.
src/routes/api/payments/confirm/+server.ts(45,38): error TS2551: Property 'confirmPaymentIntent' does not exist on type 'StripeService'. Did you mean 'confirmPayment'?
src/routes/api/payments/confirm/+server.ts(77,40): error TS2554: Expected 1 arguments, but got 2.
src/routes/api/payments/confirm/+server.ts(90,45): error TS2554: Expected 1 arguments, but got 2.
src/routes/api/payments/confirm/+server.ts(90,60): error TS2339: Property 'productSold' does not exist on type '{ welcome: (userName: string) => string; orderConfirmation: (orderDetails: any) => string; paymentConfirmation: (paymentDetails: any) => string; shippingNotification: (shippingDetails: any) => string; passwordReset: (resetLink: string) => string; }'.
src/routes/api/payments/create-intent/+server.ts(6,58): error TS2307: Cannot find module '$lib/stripe/types' or its corresponding type declarations.
src/routes/api/payments/create-intent/+server.ts(38,62): error TS2554: Expected 1 arguments, but got 2.
src/routes/api/products/[id]/+server.ts(18,16): error TS2339: Property 'id' does not exist on type '{}'.
src/routes/api/products/[id]/+server.ts(19,19): error TS2339: Property 'title' does not exist on type '{}'.
src/routes/api/products/[id]/+server.ts(20,25): error TS2339: Property 'description' does not exist on type '{}'.
src/routes/api/products/[id]/+server.ts(21,30): error TS2339: Property 'price' does not exist on type '{}'.
src/routes/api/products/[id]/+server.ts(22,20): error TS2339: Property 'images' does not exist on type '{}'.
src/routes/api/products/[id]/+server.ts(23,19): error TS2339: Property 'brand' does not exist on type '{}'.
src/routes/api/products/[id]/+server.ts(24,18): error TS2339: Property 'size' does not exist on type '{}'.
src/routes/api/products/[id]/+server.ts(25,23): error TS2339: Property 'condition' does not exist on type '{}'.
src/routes/api/products/[id]/+server.ts(26,22): error TS2339: Property 'category_name' does not exist on type '{}'.
src/routes/api/products/[id]/+server.ts(27,22): error TS2339: Property 'seller_id' does not exist on type '{}'.
src/routes/api/products/[id]/+server.ts(28,24): error TS2339: Property 'seller_username' does not exist on type '{}'.
src/routes/api/products/[id]/+server.ts(29,26): error TS2339: Property 'seller_rating' does not exist on type '{}'.
src/routes/api/products/[id]/+server.ts(30,23): error TS2339: Property 'created_at' does not exist on type '{}'.
src/routes/api/products/[id]/+server.ts(31,22): error TS2339: Property 'location' does not exist on type '{}'.
src/routes/api/products/[id]/+server.ts(32,18): error TS2339: Property 'tags' does not exist on type '{}'.
src/routes/api/search/+server.ts(47,50): error TS2339: Property 'execute' does not exist on type '(segments: string[]) => Promise<{ success: boolean; data: string[]; }>'.
src/routes/api/subscriptions/cancel/+server.ts(7,21): error TS2307: Cannot find module '$env/dynamic/private' or its corresponding type declarations.
src/routes/api/subscriptions/cancel/+server.ts(43,74): error TS2554: Expected 1 arguments, but got 3.
src/routes/api/subscriptions/cancel/+server.ts(46,41): error TS2339: Property 'message' does not exist on type 'never'.
src/routes/api/subscriptions/create/+server.ts(7,21): error TS2307: Cannot find module '$env/dynamic/private' or its corresponding type declarations.
src/routes/api/subscriptions/create/+server.ts(115,41): error TS2339: Property 'message' does not exist on type 'never'.
src/routes/api/subscriptions/discount/+server.ts(4,21): error TS2307: Cannot find module '$env/dynamic/private' or its corresponding type declarations.
src/routes/api/subscriptions/plans/+server.ts(4,21): error TS2307: Cannot find module '$env/dynamic/private' or its corresponding type declarations.
src/routes/api/webhooks/stripe/+server.ts(4,21): error TS2307: Cannot find module '$env/dynamic/private' or its corresponding type declarations.
src/routes/api/webhooks/stripe/+server.ts(9,37): error TS2307: Cannot find module '$env/static/public' or its corresponding type declarations.
src/routes/api/webhooks/stripe/+server.ts(40,19): error TS2339: Property 'webhooks' does not exist on type 'never'.
src/routes/api/webhooks/stripe/+server.ts(135,5): error TS2353: Object literal may only specify known properties, and 'sellerId' does not exist in type 'CreateTransactionParams'.
src/routes/api/webhooks/stripe/+server.ts(195,28): error TS2339: Property 'seller_earnings' does not exist on type 'Transaction'.
src/routes/api/webhooks/stripe/+server.ts(196,32): error TS2339: Property 'commission_amount' does not exist on type 'Transaction'.
src/routes/api/webhooks/stripe/+server.ts(279,36): error TS2339: Property 'commission_amount' does not exist on type 'Transaction'.
src/routes/api/webhooks/stripe/+server.ts(280,34): error TS2339: Property 'seller_earnings' does not exist on type 'Transaction'.
src/routes/api/webhooks/stripe/subscriptions/+server.ts(6,21): error TS2307: Cannot find module '$env/dynamic/private' or its corresponding type declarations.
src/routes/api/webhooks/stripe/subscriptions/+server.ts(30,20): error TS2339: Property 'webhooks' does not exist on type 'never'.
src/routes/api/webhooks/stripe/subscriptions/+server.ts(57,35): error TS2339: Property 'handleStripeWebhook' does not exist on type 'SubscriptionService'.
src/routes/api/webhooks/stripe/subscriptions/+server.ts(69,90): error TS2339: Property 'subscriptions' does not exist on type 'never'.
src/routes/api/webhooks/stripe/subscriptions/+server.ts(70,39): error TS2339: Property 'handleStripeWebhook' does not exist on type 'SubscriptionService'.
src/routes/api/webhooks/stripe/subscriptions/+server.ts(97,45): error TS2339: Property 'subscriptions' does not exist on type 'never'.
src/routes/api/webhooks/stripe/subscriptions/+server.ts(98,37): error TS2339: Property 'handleStripeWebhook' does not exist on type 'SubscriptionService'.
src/service-worker.ts(116,12): error TS2339: Property 'tag' does not exist on type 'Event'.
src/service-worker.ts(117,9): error TS2339: Property 'waitUntil' does not exist on type 'Event'.
tests/auth.spec.ts(124,11): error TS6133: 'hasError' is declared but its value is never read.
tests/auth.spec.ts(128,11): error TS6133: 'hasSuccess' is declared but its value is never read.
tests/auth.spec.ts(132,11): error TS6133: 'stillOnLogin' is declared but its value is never read.
tests/checkout.spec.ts(80,13): error TS6133: 'hasError' is declared but its value is never read.
tests/checkout.spec.ts(112,11): error TS6133: 'hasBundleContent' is declared but its value is never read.
tests/search.spec.ts(55,11): error TS6133: 'hasSearchActivity' is declared but its value is never read.
